<?xml version="1.0" encoding="UTF-8"?>
<!-- Generated by org.testng.reporters.JUnitReportReporter -->
<testsuite hostname="SpyseeCoder" failures="0" tests="3" name="Bazar.test.PagesCheck" time="116.099" errors="0" timestamp="2026-07-03T14:58:12 IST" skipped="0">
  <testcase classname="Bazar.test.PagesCheck" name="verifyRemoveMultimeter" time="18.468"/>
  <testcase classname="Bazar.test.PagesCheck" name="verifyBattery" time="54.429"/>
  <testcase classname="Bazar.test.PagesCheck" name="verifyMultimeter" time="43.202"/>
</testsuite> <!-- Bazar.test.PagesCheck -->
